Unable to find image 'ghcr.io/chains-project/breaking-updates:01737a7815069eef6fd035f077f5cc6f0a79b635-pre' locally
01737a7815069eef6fd035f077f5cc6f0a79b635-pre: Pulling from chains-project/breaking-updates
54d0a75838e1: Pulling fs layer
2891e12d01fa: Pulling fs layer
2891e12d01fa: Download complete
2891e12d01fa: Pull complete
54d0a75838e1: Download complete
54d0a75838e1: Pull complete
Digest: sha256:fd67ba8731c95fbebfbf6db05ab89c9a895fba2eaa443d5149cfd679983a806a
Status: Downloaded newer image for ghcr.io/chains-project/breaking-updates:01737a7815069eef6fd035f077f5cc6f0a79b635-pre
[INFO] Scanning for projects...
[INFO] Inspecting build with total of 4 modules...
[INFO] Installing Nexus Staging features:
[INFO]   ... total of 4 executions of maven-deploy-plugin replaced with nexus-staging-maven-plugin
[INFO] ------------------------------------------------------------------------
[INFO] Reactor Build Order:
[INFO] 
[INFO] Storage Parent                                                     [pom]
[INFO] Google Cloud NIO                                                   [jar]
[INFO] Google Cloud NIO Retrofit Example                                  [jar]
[INFO] Google Cloud NIO Examples                                          [jar]
[INFO] 
[INFO] --------------< com.google.cloud:google-cloud-nio-parent >--------------
[INFO] Building Storage Parent 0.126.18-SNAPSHOT                          [1/4]
[INFO]   from pom.xml
[INFO] --------------------------------[ pom ]---------------------------------
[INFO] 
[INFO] --- clean:3.2.0:clean (default-clean) @ google-cloud-nio-parent ---
[INFO] Deleting /java-storage-nio/target
[INFO] 
[INFO] --- enforcer:3.3.0:enforce (enforce) @ google-cloud-nio-parent ---
[INFO] Rule 0: org.apache.maven.enforcer.rules.version.RequireMavenVersion passed
[INFO] Rule 1: org.apache.maven.enforcer.rules.version.RequireJavaVersion passed
[INFO] Rule 2: org.apache.maven.enforcer.rules.dependency.RequireUpperBoundDeps passed
[INFO] Adding ignore: module-info
[INFO] Adding ignore: META-INF/versions/*/module-info
[INFO] Rule 3: org.codehaus.mojo.extraenforcer.dependencies.BanDuplicateClasses passed
[INFO] 
[INFO] --- checkstyle:3.3.0:check (checkstyle) @ google-cloud-nio-parent ---
[INFO] Starting audit...
Audit done.
[INFO] You have 0 Checkstyle violations.
[INFO] 
[INFO] --- jacoco:0.8.10:prepare-agent (default) @ google-cloud-nio-parent ---
[INFO] argLine set to -javaagent:/root/.m2/repository/org/jacoco/org.jacoco.agent/0.8.10/org.jacoco.agent-0.8.10-runtime.jar=destfile=/java-storage-nio/target/jacoco.exec
[INFO] 
[INFO] --- build-helper:3.4.0:add-resource (add-main-proto-resources) @ google-cloud-nio-parent ---
[INFO] 
[INFO] --- build-helper:3.4.0:add-test-resource (add-test-proto-resources) @ google-cloud-nio-parent ---
[INFO] 
[INFO] --- animal-sniffer:1.23:check (java8) @ google-cloud-nio-parent ---
[INFO] Checking unresolved references to org.codehaus.mojo.signature:java18:1.0
[INFO] 
[INFO] --- jacoco:0.8.10:report (report) @ google-cloud-nio-parent ---
[INFO] Skipping JaCoCo execution due to missing execution data file.
[INFO] 
[INFO] -----------------< com.google.cloud:google-cloud-nio >------------------
[INFO] Building Google Cloud NIO 0.126.18-SNAPSHOT                        [2/4]
[INFO]   from google-cloud-nio/pom.xml
[INFO] --------------------------------[ jar ]---------------------------------
[INFO] 
[INFO] --- clean:3.2.0:clean (default-clean) @ google-cloud-nio ---
[INFO] Deleting /java-storage-nio/google-cloud-nio/target
[INFO] 
[INFO] --- enforcer:3.3.0:enforce (enforce) @ google-cloud-nio ---
[INFO] Rule 2: org.apache.maven.enforcer.rules.dependency.RequireUpperBoundDeps passed
[INFO] Adding ignore: module-info
[INFO] Adding ignore: META-INF/versions/*/module-info
[INFO] Rule 3: org.codehaus.mojo.extraenforcer.dependencies.BanDuplicateClasses passed
[INFO] 
[INFO] --- checkstyle:3.3.0:check (checkstyle) @ google-cloud-nio ---
[INFO] Starting audit...
Audit done.
[INFO] You have 0 Checkstyle violations.
[INFO] 
[INFO] --- jacoco:0.8.10:prepare-agent (default) @ google-cloud-nio ---
[INFO] argLine set to -javaagent:/root/.m2/repository/org/jacoco/org.jacoco.agent/0.8.10/org.jacoco.agent-0.8.10-runtime.jar=destfile=/java-storage-nio/google-cloud-nio/target/jacoco.exec
[INFO] 
[INFO] --- build-helper:3.4.0:add-resource (add-main-proto-resources) @ google-cloud-nio ---
[INFO] 
[INFO] --- resources:3.3.0:resources (default-resources) @ google-cloud-nio ---
[INFO] Copying 2 resources
[INFO] skip non existing resourceDirectory /java-storage-nio/google-cloud-nio/src/main/proto
[INFO] 
[INFO] --- compiler:3.11.0:compile (default-compile) @ google-cloud-nio ---
[INFO] Changes detected - recompiling the module! :source
[INFO] Compiling 33 source files with javac [debug deprecation release 8] to target/classes
[WARNING] /java-storage-nio/google-cloud-nio/src/main/java/com/google/cloud/storage/contrib/nio/CloudStorageObjectAttributes.java:[49,13] getUpdateTime() in com.google.cloud.storage.BlobInfo has been deprecated
[WARNING] /java-storage-nio/google-cloud-nio/src/main/java/com/google/cloud/storage/contrib/nio/CloudStorageObjectAttributes.java:[52,36] getUpdateTime() in com.google.cloud.storage.BlobInfo has been deprecated
[INFO] /java-storage-nio/google-cloud-nio/src/main/java/com/google/cloud/storage/contrib/nio/CloudStorageConfiguration.java: /java-storage-nio/google-cloud-nio/src/main/java/com/google/cloud/storage/contrib/nio/CloudStorageConfiguration.java uses unchecked or unsafe operations.
[INFO] /java-storage-nio/google-cloud-nio/src/main/java/com/google/cloud/storage/contrib/nio/CloudStorageConfiguration.java: Recompile with -Xlint:unchecked for details.
[INFO] 
[INFO] --- build-helper:3.4.0:add-test-resource (add-test-proto-resources) @ google-cloud-nio ---
[INFO] 
[INFO] --- resources:3.3.0:testResources (default-testResources) @ google-cloud-nio ---
[INFO] Copying 1 resource
[INFO] skip non existing resourceDirectory /java-storage-nio/google-cloud-nio/src/test/proto
[INFO] 
[INFO] --- compiler:3.11.0:testCompile (default-testCompile) @ google-cloud-nio ---
[INFO] Changes detected - recompiling the module! :dependency
[INFO] Compiling 21 source files with javac [debug deprecation release 8] to target/test-classes
[WARNING] /java-storage-nio/google-cloud-nio/src/test/java/com/google/cloud/storage/contrib/nio/testing/LocalStorageHelperTest.java:[115,19] getUpdateTime() in com.google.cloud.storage.BlobInfo has been deprecated
[WARNING] /java-storage-nio/google-cloud-nio/src/test/java/com/google/cloud/storage/contrib/nio/testing/LocalStorageHelperTest.java:[123,19] getUpdateTime() in com.google.cloud.storage.BlobInfo has been deprecated
[INFO] /java-storage-nio/google-cloud-nio/src/test/java/com/google/cloud/storage/contrib/nio/CloudStorageIsDirectoryTest.java: /java-storage-nio/google-cloud-nio/src/test/java/com/google/cloud/storage/contrib/nio/CloudStorageIsDirectoryTest.java uses unchecked or unsafe operations.
[INFO] /java-storage-nio/google-cloud-nio/src/test/java/com/google/cloud/storage/contrib/nio/CloudStorageIsDirectoryTest.java: Recompile with -Xlint:unchecked for details.
[INFO] 
[INFO] --- animal-sniffer:1.23:check (java8) @ google-cloud-nio ---
[INFO] Checking unresolved references to org.codehaus.mojo.signature:java18:1.0
[INFO] 
[INFO] --- surefire:3.1.0:test (default-test) @ google-cloud-nio ---
[INFO] Using auto detected provider org.apache.maven.surefire.junit4.JUnit4Provider
[INFO] 
[INFO] -------------------------------------------------------
[INFO]  T E S T S
[INFO] -------------------------------------------------------
[INFO] Running com.google.cloud.storage.contrib.nio.UnixPathTest
[INFO] Tests run: 45, Failures: 0, Errors: 0, Skipped: 0, Time elapsed: 0.916 s - in com.google.cloud.storage.contrib.nio.UnixPathTest
[INFO] Running com.google.cloud.storage.contrib.nio.CloudStorageReadTest
Mar 12, 2026 5:04:39 PM com.google.api.client.googleapis.services.AbstractGoogleClient <init>
WARNING: Application name is not set. Call Builder#setApplicationName.
Mar 12, 2026 5:04:39 PM com.google.api.client.googleapis.services.AbstractGoogleClient <init>
WARNING: Application name is not set. Call Builder#setApplicationName.
[INFO] Tests run: 2, Failures: 0, Errors: 0, Skipped: 0, Time elapsed: 1.153 s - in com.google.cloud.storage.contrib.nio.CloudStorageReadTest
[INFO] Running com.google.cloud.storage.contrib.nio.CloudStorageWriteFileChannelTest
[INFO] Tests run: 7, Failures: 0, Errors: 0, Skipped: 0, Time elapsed: 0.002 s - in com.google.cloud.storage.contrib.nio.CloudStorageWriteFileChannelTest
[INFO] Running com.google.cloud.storage.contrib.nio.StorageOptionsUtilTest
[INFO] Tests run: 4, Failures: 0, Errors: 0, Skipped: 0, Time elapsed: 0.008 s - in com.google.cloud.storage.contrib.nio.StorageOptionsUtilTest
[INFO] Running com.google.cloud.storage.contrib.nio.CloudStorageLateInitializationTest
[INFO] Tests run: 3, Failures: 0, Errors: 0, Skipped: 0, Time elapsed: 0.406 s - in com.google.cloud.storage.contrib.nio.CloudStorageLateInitializationTest
[INFO] Running com.google.cloud.storage.contrib.nio.CloudStorageFileAttributeViewTest
[INFO] Tests run: 6, Failures: 0, Errors: 0, Skipped: 0, Time elapsed: 0.089 s - in com.google.cloud.storage.contrib.nio.CloudStorageFileAttributeViewTest
[INFO] Running com.google.cloud.storage.contrib.nio.CloudStorageReadFileChannelTest
[INFO] Tests run: 7, Failures: 0, Errors: 0, Skipped: 0, Time elapsed: 0.014 s - in com.google.cloud.storage.contrib.nio.CloudStorageReadFileChannelTest
[INFO] Running com.google.cloud.storage.contrib.nio.CloudStorageReadChannelTest
[INFO] Tests run: 15, Failures: 0, Errors: 0, Skipped: 0, Time elapsed: 7.257 s - in com.google.cloud.storage.contrib.nio.CloudStorageReadChannelTest
[INFO] Running com.google.cloud.storage.contrib.nio.CloudStorageRetryHandlerTest
[INFO] Tests run: 1, Failures: 0, Errors: 0, Skipped: 0, Time elapsed: 0 s - in com.google.cloud.storage.contrib.nio.CloudStorageRetryHandlerTest
[INFO] Running com.google.cloud.storage.contrib.nio.CloudStoragePathTest
[INFO] Tests run: 49, Failures: 0, Errors: 0, Skipped: 0, Time elapsed: 0.056 s - in com.google.cloud.storage.contrib.nio.CloudStoragePathTest
[INFO] Running com.google.cloud.storage.contrib.nio.CloudStorageIsDirectoryTest
[INFO] Tests run: 2, Failures: 0, Errors: 0, Skipped: 0, Time elapsed: 0.231 s - in com.google.cloud.storage.contrib.nio.CloudStorageIsDirectoryTest
[INFO] Running com.google.cloud.storage.contrib.nio.CloudStorageWriteChannelTest
[INFO] Tests run: 8, Failures: 0, Errors: 0, Skipped: 0, Time elapsed: 0.078 s - in com.google.cloud.storage.contrib.nio.CloudStorageWriteChannelTest
[INFO] Running com.google.cloud.storage.contrib.nio.CloudStorageOptionsTest
[INFO] Tests run: 8, Failures: 0, Errors: 0, Skipped: 0, Time elapsed: 0.076 s - in com.google.cloud.storage.contrib.nio.CloudStorageOptionsTest
[INFO] Running com.google.cloud.storage.contrib.nio.CloudStorageFileSystemTest
Mar 12, 2026 5:04:47 PM com.google.api.client.googleapis.services.AbstractGoogleClient <init>
WARNING: Application name is not set. Call Builder#setApplicationName.
Mar 12, 2026 5:04:47 PM com.google.api.client.googleapis.services.AbstractGoogleClient <init>
WARNING: Application name is not set. Call Builder#setApplicationName.
Mar 12, 2026 5:04:47 PM com.google.api.client.googleapis.services.AbstractGoogleClient <init>
WARNING: Application name is not set. Call Builder#setApplicationName.
[INFO] Tests run: 20, Failures: 0, Errors: 0, Skipped: 0, Time elapsed: 0.149 s - in com.google.cloud.storage.contrib.nio.CloudStorageFileSystemTest
[INFO] Running com.google.cloud.storage.contrib.nio.testing.LocalStorageHelperTest
[INFO] Tests run: 7, Failures: 0, Errors: 0, Skipped: 0, Time elapsed: 0.083 s - in com.google.cloud.storage.contrib.nio.testing.LocalStorageHelperTest
[INFO] Running com.google.cloud.storage.contrib.nio.CloudStorageConfigurationTest
[INFO] Tests run: 4, Failures: 0, Errors: 0, Skipped: 0, Time elapsed: 0.001 s - in com.google.cloud.storage.contrib.nio.CloudStorageConfigurationTest
[INFO] Running com.google.cloud.storage.contrib.nio.NIOTest
[INFO] Tests run: 2, Failures: 0, Errors: 0, Skipped: 0, Time elapsed: 0 s - in com.google.cloud.storage.contrib.nio.NIOTest
[INFO] Running com.google.cloud.storage.contrib.nio.SeekableByteChannelPrefetcherTest
[INFO] Tests run: 6, Failures: 0, Errors: 0, Skipped: 0, Time elapsed: 0.045 s - in com.google.cloud.storage.contrib.nio.SeekableByteChannelPrefetcherTest
[INFO] Running com.google.cloud.storage.contrib.nio.CloudStorageFileSystemProviderTest
Mar 12, 2026 5:04:48 PM com.google.api.client.googleapis.services.AbstractGoogleClient <init>
WARNING: Application name is not set. Call Builder#setApplicationName.
Mar 12, 2026 5:04:48 PM com.google.api.client.googleapis.services.AbstractGoogleClient <init>
WARNING: Application name is not set. Call Builder#setApplicationName.
Mar 12, 2026 5:04:48 PM com.google.api.client.googleapis.services.AbstractGoogleClient <init>
WARNING: Application name is not set. Call Builder#setApplicationName.
Mar 12, 2026 5:04:48 PM com.google.api.client.googleapis.services.AbstractGoogleClient <init>
WARNING: Application name is not set. Call Builder#setApplicationName.
Mar 12, 2026 5:04:48 PM com.google.api.client.googleapis.services.AbstractGoogleClient <init>
WARNING: Application name is not set. Call Builder#setApplicationName.
Mar 12, 2026 5:04:48 PM com.google.api.client.googleapis.services.AbstractGoogleClient <init>
WARNING: Application name is not set. Call Builder#setApplicationName.
Mar 12, 2026 5:04:48 PM com.google.api.client.googleapis.services.AbstractGoogleClient <init>
WARNING: Application name is not set. Call Builder#setApplicationName.
Mar 12, 2026 5:04:48 PM com.google.api.client.googleapis.services.AbstractGoogleClient <init>
WARNING: Application name is not set. Call Builder#setApplicationName.
Mar 12, 2026 5:04:48 PM com.google.api.client.googleapis.services.AbstractGoogleClient <init>
WARNING: Application name is not set. Call Builder#setApplicationName.
Mar 12, 2026 5:04:48 PM com.google.api.client.googleapis.services.AbstractGoogleClient <init>
WARNING: Application name is not set. Call Builder#setApplicationName.
Mar 12, 2026 5:04:48 PM com.google.api.client.googleapis.services.AbstractGoogleClient <init>
WARNING: Application name is not set. Call Builder#setApplicationName.
Mar 12, 2026 5:04:48 PM com.google.api.client.googleapis.services.AbstractGoogleClient <init>
WARNING: Application name is not set. Call Builder#setApplicationName.
Mar 12, 2026 5:04:48 PM com.google.api.client.googleapis.services.AbstractGoogleClient <init>
WARNING: Application name is not set. Call Builder#setApplicationName.
Mar 12, 2026 5:04:48 PM com.google.api.client.googleapis.services.AbstractGoogleClient <init>
WARNING: Application name is not set. Call Builder#setApplicationName.
Mar 12, 2026 5:04:48 PM com.google.api.client.googleapis.services.AbstractGoogleClient <init>
WARNING: Application name is not set. Call Builder#setApplicationName.
Mar 12, 2026 5:04:48 PM com.google.api.client.googleapis.services.AbstractGoogleClient <init>
WARNING: Application name is not set. Call Builder#setApplicationName.
[INFO] Tests run: 62, Failures: 0, Errors: 0, Skipped: 0, Time elapsed: 0.413 s - in com.google.cloud.storage.contrib.nio.CloudStorageFileSystemProviderTest
[INFO] Running com.google.cloud.storage.contrib.nio.CloudStorageFileAttributesTest
[INFO] Tests run: 14, Failures: 0, Errors: 0, Skipped: 0, Time elapsed: 0.057 s - in com.google.cloud.storage.contrib.nio.CloudStorageFileAttributesTest
[INFO] 
[INFO] Results:
[INFO] 
[INFO] Tests run: 272, Failures: 0, Errors: 0, Skipped: 0
[INFO] 
[INFO] 
[INFO] --- jacoco:0.8.10:report (report) @ google-cloud-nio ---
[INFO] Loading execution data file /java-storage-nio/google-cloud-nio/target/jacoco.exec
[INFO] Analyzed bundle 'Google Cloud NIO' with 52 classes
[INFO] 
[INFO] -------------< com.google.cloud:google-cloud-nio-retrofit >-------------
[INFO] Building Google Cloud NIO Retrofit Example 0.126.18-SNAPSHOT       [3/4]
[INFO]   from google-cloud-nio-retrofit/pom.xml
[INFO] --------------------------------[ jar ]---------------------------------
[INFO] 
[INFO] --- clean:3.2.0:clean (default-clean) @ google-cloud-nio-retrofit ---
[INFO] Deleting /java-storage-nio/google-cloud-nio-retrofit/target
[INFO] 
[INFO] --- flatten:1.3.0:clean (flatten.clean) @ google-cloud-nio-retrofit ---
[INFO] Deleting /java-storage-nio/google-cloud-nio-retrofit/.flattened-pom.xml
[INFO] 
[INFO] --- enforcer:3.3.0:enforce (enforce) @ google-cloud-nio-retrofit ---
[INFO] Rule 2: org.apache.maven.enforcer.rules.dependency.RequireUpperBoundDeps passed
[INFO] Adding ignore: module-info
[INFO] Adding ignore: META-INF/versions/*/module-info
[INFO] Rule 3: org.codehaus.mojo.extraenforcer.dependencies.BanDuplicateClasses passed
[INFO] 
[INFO] --- checkstyle:3.3.0:check (checkstyle) @ google-cloud-nio-retrofit ---
[INFO] Starting audit...
Audit done.
[INFO] You have 0 Checkstyle violations.
[INFO] 
[INFO] --- jacoco:0.8.10:prepare-agent (default) @ google-cloud-nio-retrofit ---
[INFO] argLine set to -javaagent:/root/.m2/repository/org/jacoco/org.jacoco.agent/0.8.10/org.jacoco.agent-0.8.10-runtime.jar=destfile=/java-storage-nio/google-cloud-nio-retrofit/target/jacoco.exec
[INFO] 
[INFO] --- build-helper:3.4.0:add-resource (add-main-proto-resources) @ google-cloud-nio-retrofit ---
[INFO] 
[INFO] --- resources:3.3.0:resources (default-resources) @ google-cloud-nio-retrofit ---
[INFO] skip non existing resourceDirectory /java-storage-nio/google-cloud-nio-retrofit/src/main/resources
[INFO] skip non existing resourceDirectory /java-storage-nio/google-cloud-nio-retrofit/src/main/proto
[INFO] 
[INFO] --- flatten:1.3.0:flatten (flatten) @ google-cloud-nio-retrofit ---
[INFO] Generating flattened POM of project com.google.cloud:google-cloud-nio-retrofit:jar:0.126.18-SNAPSHOT...
[INFO] 
[INFO] --- compiler:3.11.0:compile (default-compile) @ google-cloud-nio-retrofit ---
[INFO] Changes detected - recompiling the module! :source
[INFO] Compiling 1 source file with javac [debug deprecation release 8] to target/classes
[INFO] 
[INFO] --- build-helper:3.4.0:add-test-resource (add-test-proto-resources) @ google-cloud-nio-retrofit ---
[INFO] 
[INFO] --- resources:3.3.0:testResources (default-testResources) @ google-cloud-nio-retrofit ---
[INFO] skip non existing resourceDirectory /java-storage-nio/google-cloud-nio-retrofit/src/test/resources
[INFO] skip non existing resourceDirectory /java-storage-nio/google-cloud-nio-retrofit/src/test/proto
[INFO] 
[INFO] --- compiler:3.11.0:testCompile (default-testCompile) @ google-cloud-nio-retrofit ---
[INFO] No sources to compile
[INFO] 
[INFO] --- animal-sniffer:1.23:check (java8) @ google-cloud-nio-retrofit ---
[INFO] Checking unresolved references to org.codehaus.mojo.signature:java18:1.0
[INFO] 
[INFO] --- surefire:3.1.0:test (default-test) @ google-cloud-nio-retrofit ---
[INFO] No tests to run.
[INFO] 
[INFO] --- jacoco:0.8.10:report (report) @ google-cloud-nio-retrofit ---
[INFO] Skipping JaCoCo execution due to missing execution data file.
[INFO] 
[INFO] -------------< com.google.cloud:google-cloud-nio-examples >-------------
[INFO] Building Google Cloud NIO Examples 0.126.18-SNAPSHOT               [4/4]
[INFO]   from google-cloud-nio-examples/pom.xml
[INFO] --------------------------------[ jar ]---------------------------------
[INFO] 
[INFO] --- clean:3.2.0:clean (default-clean) @ google-cloud-nio-examples ---
[INFO] Deleting /java-storage-nio/google-cloud-nio-examples/target
[INFO] 
[INFO] --- flatten:1.3.0:clean (flatten.clean) @ google-cloud-nio-examples ---
[INFO] Deleting /java-storage-nio/google-cloud-nio-examples/.flattened-pom.xml
[INFO] 
[INFO] --- enforcer:3.3.0:enforce (enforce) @ google-cloud-nio-examples ---
[INFO] Rule 2: org.apache.maven.enforcer.rules.dependency.RequireUpperBoundDeps passed
[INFO] Adding ignore: module-info
[INFO] Adding ignore: META-INF/versions/*/module-info
[INFO] Rule 3: org.codehaus.mojo.extraenforcer.dependencies.BanDuplicateClasses passed
[INFO] 
[INFO] --- checkstyle:3.3.0:check (checkstyle) @ google-cloud-nio-examples ---
[INFO] Starting audit...
Audit done.
[INFO] You have 0 Checkstyle violations.
[INFO] 
[INFO] --- jacoco:0.8.10:prepare-agent (default) @ google-cloud-nio-examples ---
[INFO] argLine set to -javaagent:/root/.m2/repository/org/jacoco/org.jacoco.agent/0.8.10/org.jacoco.agent-0.8.10-runtime.jar=destfile=/java-storage-nio/google-cloud-nio-examples/target/jacoco.exec
[INFO] 
[INFO] --- build-helper:3.4.0:add-resource (add-main-proto-resources) @ google-cloud-nio-examples ---
[INFO] 
[INFO] --- resources:3.3.0:resources (default-resources) @ google-cloud-nio-examples ---
[INFO] skip non existing resourceDirectory /java-storage-nio/google-cloud-nio-examples/src/main/resources
[INFO] skip non existing resourceDirectory /java-storage-nio/google-cloud-nio-examples/src/main/proto
[INFO] 
[INFO] --- flatten:1.3.0:flatten (flatten) @ google-cloud-nio-examples ---
[INFO] Generating flattened POM of project com.google.cloud:google-cloud-nio-examples:jar:0.126.18-SNAPSHOT...
[INFO] 
[INFO] --- compiler:3.11.0:compile (default-compile) @ google-cloud-nio-examples ---
[INFO] Changes detected - recompiling the module! :source
[INFO] Compiling 3 source files with javac [debug deprecation release 8] to target/classes
[INFO] 
[INFO] --- build-helper:3.4.0:add-test-resource (add-test-proto-resources) @ google-cloud-nio-examples ---
[INFO] 
[INFO] --- resources:3.3.0:testResources (default-testResources) @ google-cloud-nio-examples ---
[INFO] skip non existing resourceDirectory /java-storage-nio/google-cloud-nio-examples/src/test/resources
[INFO] skip non existing resourceDirectory /java-storage-nio/google-cloud-nio-examples/src/test/proto
[INFO] 
[INFO] --- compiler:3.11.0:testCompile (default-testCompile) @ google-cloud-nio-examples ---
[INFO] No sources to compile
[INFO] 
[INFO] --- animal-sniffer:1.23:check (java8) @ google-cloud-nio-examples ---
[INFO] Checking unresolved references to org.codehaus.mojo.signature:java18:1.0
[INFO] 
[INFO] --- surefire:3.1.0:test (default-test) @ google-cloud-nio-examples ---
[INFO] No tests to run.
[INFO] 
[INFO] --- jacoco:0.8.10:report (report) @ google-cloud-nio-examples ---
[INFO] Skipping JaCoCo execution due to missing execution data file.
[INFO] ------------------------------------------------------------------------
[INFO] Reactor Summary for Storage Parent 0.126.18-SNAPSHOT:
[INFO] 
[INFO] Storage Parent ..................................... SUCCESS [  1.994 s]
[INFO] Google Cloud NIO ................................... SUCCESS [ 17.986 s]
[INFO] Google Cloud NIO Retrofit Example .................. SUCCESS [  0.312 s]
[INFO] Google Cloud NIO Examples .......................... SUCCESS [  0.353 s]
[INFO] ------------------------------------------------------------------------
[INFO] BUILD SUCCESS
[INFO] ------------------------------------------------------------------------
[INFO] Total time:  21.600 s
[INFO] Finished at: 2026-03-12T17:04:49Z
[INFO] ------------------------------------------------------------------------
[WARNING] 
[WARNING] Plugin validation issues were detected in 3 plugin(s)
[WARNING] 
[WARNING]  * org.jacoco:jacoco-maven-plugin:0.8.10
[WARNING]  * org.codehaus.mojo:flatten-maven-plugin:1.3.0
[WARNING]  * org.apache.maven.plugins:maven-resources-plugin:3.3.0
[WARNING] 
[WARNING] For more or less details, use 'maven.plugin.validation' property with one of the values (case insensitive): [BRIEF, DEFAULT, VERBOSE]
[WARNING] 
